2021-03-08 13:44:10.131 INFO  (main) [   ] o.e.j.u.log Logging initialized @986ms to org.eclipse.jetty.util.log.Slf4jLog
2021-03-08 13:44:10.274 INFO  (main) [   ] o.e.j.s.Server jetty-9.4.34.v20201102; built: 2020-11-02T14:15:39.302Z; git: e46af88704a893fc12cb0e3bf46e2c7b48a009e7; jvm 15.0.2+7-27
2021-03-08 13:44:10.299 INFO  (main) [   ] o.e.j.d.p.ScanningAppProvider Deployment monitor [file:///C:/Users/yongw/Documents/InformationRetrival/indexing%20and%20querying/solr-8.8.1/server/contexts/] at interval 0
2021-03-08 13:44:10.892 INFO  (main) [   ] o.e.j.w.StandardDescriptorProcessor NO JSP Support for /solr, did not find org.apache.jasper.servlet.JspServlet
2021-03-08 13:44:10.901 INFO  (main) [   ] o.e.j.s.session DefaultSessionIdManager workerName=node0
2021-03-08 13:44:10.901 INFO  (main) [   ] o.e.j.s.session No SessionScavenger set, using defaults
2021-03-08 13:44:10.902 INFO  (main) [   ] o.e.j.s.session node0 Scavenging every 600000ms
2021-03-08 13:44:10.957 INFO  (main) [   ] o.a.s.s.SolrDispatchFilter Using logger factory org.apache.logging.slf4j.Log4jLoggerFactory
2021-03-08 13:44:10.961 INFO  (main) [   ] o.a.s.s.SolrDispatchFilter  ___      _       Welcome to Apache Solr™ version 8.8.1
2021-03-08 13:44:10.962 INFO  (main) [   ] o.a.s.s.SolrDispatchFilter / __| ___| |_ _   Starting in standalone mode on port 8983
2021-03-08 13:44:10.962 INFO  (main) [   ] o.a.s.s.SolrDispatchFilter \__ \/ _ \ | '_|  Install dir: C:\Users\yongw\Documents\InformationRetrival\indexing and querying\solr-8.8.1
2021-03-08 13:44:10.962 INFO  (main) [   ] o.a.s.s.SolrDispatchFilter |___/\___/_|_|    Start time: 2021-03-08T13:44:10.962840100Z
2021-03-08 13:44:10.975 INFO  (main) [   ] o.a.s.c.SolrPaths Using system property solr.solr.home: C:\Users\yongw\Documents\InformationRetrival\indexing and querying\solr-8.8.1\server\solr
2021-03-08 13:44:10.976 INFO  (main) [   ] o.a.s.c.SolrXmlConfig Loading container configuration from C:\Users\yongw\Documents\InformationRetrival\indexing and querying\solr-8.8.1\server\solr\solr.xml
2021-03-08 13:44:11.038 INFO  (main) [   ] o.a.s.c.SolrXmlConfig MBean server found: com.sun.jmx.mbeanserver.JmxMBeanServer@3ad83a66, but no JMX reporters were configured - adding default JMX reporter.
2021-03-08 13:44:11.541 INFO  (main) [   ] o.a.s.h.c.HttpShardHandlerFactory Host whitelist initialized: WhitelistHostChecker [whitelistHosts=null, whitelistHostCheckingEnabled=true]
2021-03-08 13:44:11.725 WARN  (main) [   ] o.e.j.u.s.S.config Trusting all certificates configured for Client@3ae0b770[provider=null,keyStore=null,trustStore=null]
2021-03-08 13:44:11.725 WARN  (main) [   ] o.e.j.u.s.S.config No Client EndPointIdentificationAlgorithm configured for Client@3ae0b770[provider=null,keyStore=null,trustStore=null]
2021-03-08 13:44:11.841 WARN  (main) [   ] o.e.j.u.s.S.config Trusting all certificates configured for Client@1835d3ed[provider=null,keyStore=null,trustStore=null]
2021-03-08 13:44:11.841 WARN  (main) [   ] o.e.j.u.s.S.config No Client EndPointIdentificationAlgorithm configured for Client@1835d3ed[provider=null,keyStore=null,trustStore=null]
2021-03-08 13:44:11.877 WARN  (main) [   ] o.a.s.c.CoreContainer Not all security plugins configured!  authentication=disabled authorization=disabled.  Solr is only as secure as you make it. Consider configuring authentication/authorization before exposing Solr to users internal or external.  See https://s.apache.org/solrsecurity for more info
2021-03-08 13:44:11.974 INFO  (main) [   ] o.a.s.c.TransientSolrCoreCacheDefault Allocating transient cache for 2147483647 transient cores
2021-03-08 13:44:11.976 INFO  (main) [   ] o.a.s.h.a.MetricsHistoryHandler No .system collection, keeping metrics history in memory.
2021-03-08 13:44:12.028 INFO  (main) [   ] o.a.s.m.r.SolrJmxReporter JMX monitoring for 'solr.node' (registry 'solr.node') enabled at server: com.sun.jmx.mbeanserver.JmxMBeanServer@3ad83a66
2021-03-08 13:44:12.028 INFO  (main) [   ] o.a.s.m.r.SolrJmxReporter JMX monitoring for 'solr.jvm' (registry 'solr.jvm') enabled at server: com.sun.jmx.mbeanserver.JmxMBeanServer@3ad83a66
2021-03-08 13:44:12.031 INFO  (main) [   ] o.a.s.m.r.SolrJmxReporter JMX monitoring for 'solr.jetty' (registry 'solr.jetty') enabled at server: com.sun.jmx.mbeanserver.JmxMBeanServer@3ad83a66
2021-03-08 13:44:12.059 INFO  (main) [   ] o.a.s.c.CorePropertiesLocator Found 1 core definitions underneath C:\Users\yongw\Documents\InformationRetrival\indexing and querying\solr-8.8.1\server\solr
2021-03-08 13:44:12.059 INFO  (main) [   ] o.a.s.c.CorePropertiesLocator Cores are: [Search_Twitter]
2021-03-08 13:44:12.087 INFO  (coreLoadExecutor-13-thread-1) [   x:Search_Twitter] o.a.s.c.SolrConfig Using Lucene MatchVersion: 8.8.1
2021-03-08 13:44:12.205 INFO  (coreLoadExecutor-13-thread-1) [   x:Search_Twitter] o.a.s.s.IndexSchema Schema name=default-config
2021-03-08 13:44:12.447 WARN  (coreLoadExecutor-13-thread-1) [   x:Search_Twitter] o.a.s.s.AbstractSpatialPrefixTreeFieldType FieldType SpatialRecursivePrefixTreeFieldType does not allow omitNorms to be specified in schema, hardcoded behavior is omitNorms=true
2021-03-08 13:44:12.447 WARN  (coreLoadExecutor-13-thread-1) [   x:Search_Twitter] o.a.s.s.AbstractSpatialPrefixTreeFieldType FieldType SpatialRecursivePrefixTreeFieldType does not allow omitTermFreqAndPositions to be specified in schema, hardcoded behavior is omitTermFreqAndPositions=true
2021-03-08 13:44:12.447 WARN  (coreLoadExecutor-13-thread-1) [   x:Search_Twitter] o.a.s.s.AbstractSpatialPrefixTreeFieldType FieldType SpatialRecursivePrefixTreeFieldType does not allow termOffsets to be specified in schema, hardcoded behavior is termOffsets=false
2021-03-08 13:44:12.447 WARN  (coreLoadExecutor-13-thread-1) [   x:Search_Twitter] o.a.s.s.AbstractSpatialPrefixTreeFieldType FieldType SpatialRecursivePrefixTreeFieldType does not allow termPositions to be specified in schema, hardcoded behavior is termPositions=false
2021-03-08 13:44:12.447 WARN  (coreLoadExecutor-13-thread-1) [   x:Search_Twitter] o.a.s.s.AbstractSpatialPrefixTreeFieldType FieldType SpatialRecursivePrefixTreeFieldType does not allow omitPositions to be specified in schema, hardcoded behavior is omitPositions=true
2021-03-08 13:44:12.448 INFO  (main) [   ] o.e.j.s.h.ContextHandler Started o.e.j.w.WebAppContext@350ec41e{/solr,file:///C:/Users/yongw/Documents/InformationRetrival/indexing%20and%20querying/solr-8.8.1/server/solr-webapp/webapp/,AVAILABLE}{C:\Users\yongw\Documents\InformationRetrival\indexing and querying\solr-8.8.1\server/solr-webapp/webapp}
2021-03-08 13:44:12.456 INFO  (main) [   ] o.e.j.s.AbstractConnector Started ServerConnector@4aa83f4f{HTTP/1.1, (http/1.1, h2c)}{0.0.0.0:8983}
2021-03-08 13:44:12.456 INFO  (main) [   ] o.e.j.s.Server Started @3313ms
2021-03-08 13:44:12.602 INFO  (coreLoadExecutor-13-thread-1) [   x:Search_Twitter] o.a.s.s.IndexSchema Loaded schema default-config/1.6 with uniqueid field id
2021-03-08 13:44:12.670 INFO  (coreLoadExecutor-13-thread-1) [   x:Search_Twitter] o.a.s.c.CoreContainer Creating SolrCore 'Search_Twitter' using configuration from instancedir C:\Users\yongw\Documents\InformationRetrival\indexing and querying\solr-8.8.1\server\solr\configsets\Search_Twitter\conf, trusted=true
2021-03-08 13:44:12.694 INFO  (coreLoadExecutor-13-thread-1) [   x:Search_Twitter] o.a.s.m.r.SolrJmxReporter JMX monitoring for 'solr.core.Search_Twitter' (registry 'solr.core.Search_Twitter') enabled at server: com.sun.jmx.mbeanserver.JmxMBeanServer@3ad83a66
2021-03-08 13:44:12.707 INFO  (coreLoadExecutor-13-thread-1) [   x:Search_Twitter] o.a.s.c.SolrCore [[Search_Twitter] ] Opening new SolrCore at [C:\Users\yongw\Documents\InformationRetrival\indexing and querying\solr-8.8.1\server\solr\configsets\Search_Twitter\conf], dataDir=[C:\Users\yongw\Documents\InformationRetrival\indexing and querying\solr-8.8.1\server\solr\configsets\Search_Twitter\conf\data\]
2021-03-08 13:44:12.851 INFO  (qtp1217207511-20) [   ] o.a.s.s.HttpSolrCall [admin] webapp=null path=/admin/info/system params={wt=json} status=0 QTime=63
2021-03-08 13:44:13.117 INFO  (qtp1217207511-44) [   ] o.a.s.s.HttpSolrCall [admin] webapp=null path=/admin/cores params={indexInfo=false&wt=json&_=1615211053034} status=0 QTime=1
2021-03-08 13:44:13.176 INFO  (qtp1217207511-21) [   ] o.a.s.s.HttpSolrCall [admin] webapp=null path=/admin/info/system params={wt=json&_=1615211053034} status=0 QTime=60
2021-03-08 13:44:13.310 INFO  (coreLoadExecutor-13-thread-1) [   x:Search_Twitter] o.a.s.u.UpdateHandler Using UpdateLog implementation: org.apache.solr.update.UpdateLog
2021-03-08 13:44:13.311 INFO  (coreLoadExecutor-13-thread-1) [   x:Search_Twitter] o.a.s.u.UpdateLog Initializing UpdateLog: dataDir= defaultSyncLevel=FLUSH numRecordsToKeep=100 maxNumLogsToKeep=10 numVersionBuckets=65536
2021-03-08 13:44:13.330 INFO  (coreLoadExecutor-13-thread-1) [   x:Search_Twitter] o.a.s.u.CommitTracker Hard AutoCommit: if uncommitted for 15000ms; 
2021-03-08 13:44:13.330 INFO  (coreLoadExecutor-13-thread-1) [   x:Search_Twitter] o.a.s.u.CommitTracker Soft AutoCommit: disabled
2021-03-08 13:44:13.500 INFO  (coreLoadExecutor-13-thread-1) [   x:Search_Twitter] o.a.s.r.ManagedResourceStorage File-based storage initialized to use dir: C:\Users\yongw\Documents\InformationRetrival\indexing and querying\solr-8.8.1\server\solr\configsets\Search_Twitter\conf\conf
2021-03-08 13:44:13.510 INFO  (coreLoadExecutor-13-thread-1) [   x:Search_Twitter] o.a.s.h.c.SpellCheckComponent Initializing spell checkers
2021-03-08 13:44:13.516 INFO  (coreLoadExecutor-13-thread-1) [   x:Search_Twitter] o.a.s.s.DirectSolrSpellChecker init: {name=default,field=_text_,classname=solr.DirectSolrSpellChecker,distanceMeasure=internal,accuracy=0.5,maxEdits=2,minPrefix=1,maxInspections=5,minQueryLength=4,maxQueryFrequency=0.01}
2021-03-08 13:44:13.526 INFO  (coreLoadExecutor-13-thread-1) [   x:Search_Twitter] o.a.s.h.ReplicationHandler Commits will be reserved for 10000 ms
2021-03-08 13:44:13.541 INFO  (searcherExecutor-15-thread-1-processing-x:Search_Twitter) [   x:Search_Twitter] o.a.s.c.QuerySenderListener QuerySenderListener done.
2021-03-08 13:44:13.541 INFO  (searcherExecutor-15-thread-1-processing-x:Search_Twitter) [   x:Search_Twitter] o.a.s.h.c.SpellCheckComponent Loading spell index for spellchecker: default
2021-03-08 13:44:13.547 INFO  (searcherExecutor-15-thread-1-processing-x:Search_Twitter) [   x:Search_Twitter] o.a.s.c.SolrCore [Search_Twitter]  Registered new searcher autowarm time: 0 ms
2021-03-08 13:44:14.581 INFO  (qtp1217207511-26) [   ] o.a.s.s.HttpSolrCall [admin] webapp=null path=/admin/cores params={indexInfo=false&wt=json&_=1615211054524} status=0 QTime=0
2021-03-08 13:44:14.584 INFO  (qtp1217207511-19) [   x:Search_Twitter] o.a.s.c.S.Request [Search_Twitter]  webapp=/solr path=/admin/ping params={action=status&wt=json&_=1615211054525&ts=1615211054525} status=503 QTime=2
2021-03-08 13:44:14.589 INFO  (qtp1217207511-44) [   x:Search_Twitter] o.a.s.c.S.Request [Search_Twitter]  webapp=/solr path=/admin/luke params={numTerms=0&show=index&wt=json&_=1615211054562} status=0 QTime=8
2021-03-08 13:44:14.589 INFO  (qtp1217207511-42) [   x:Search_Twitter] o.a.s.c.S.Request [Search_Twitter]  webapp=/solr path=/replication params={wt=json&command=details&_=1615211054562} status=0 QTime=8
2021-03-08 13:44:14.656 INFO  (qtp1217207511-43) [   ] o.a.s.s.HttpSolrCall [admin] webapp=null path=/admin/info/system params={wt=json&_=1615211054525} status=0 QTime=75
2021-03-08 13:44:14.663 INFO  (qtp1217207511-45) [   x:Search_Twitter] o.a.s.c.S.Request [Search_Twitter]  webapp=/solr path=/admin/system params={wt=json&_=1615211054562} status=0 QTime=82
2021-03-08 13:44:19.276 INFO  (qtp1217207511-25) [   ] o.a.s.s.HttpSolrCall [admin] webapp=null path=/admin/cores params={indexInfo=false&wt=json&_=1615211054524} status=0 QTime=0
2021-03-08 13:44:19.312 INFO  (qtp1217207511-21) [   ] o.a.s.s.HttpSolrCall [admin] webapp=null path=/admin/info/system params={wt=json&_=1615211054525} status=0 QTime=36
2021-03-08 13:44:20.400 INFO  (qtp1217207511-20) [   x:Search_Twitter] o.a.s.c.S.Request [Search_Twitter]  webapp=/solr path=/select params={q=*:*&_=1615211059249} hits=5406 status=0 QTime=23
2021-03-08 13:44:37.382 INFO  (qtp1217207511-18) [   x:Search_Twitter] o.a.s.u.p.LogUpdateProcessorFactory [Search_Twitter]  webapp=/solr path=/update params={}{add=[1355667091739697152 (1693671567796469760), 1355667078813016065 (1693671567841558528), 1355667077777010691 (1693671567845752832), 1355667072726958080 (1693671567847849984), 1355667065764524035 (1693671567850995712), 1355667050769883140 (1693671567853092864), 1355667045296320516 (1693671567855190016), 1355667035989004289 (1693671567857287168), 1355667025742315521 (1693671567859384320), 1355667016535977985 (1693671567861481472), ... (14577 adds)]} 0 2761
2021-03-08 13:44:39.431 INFO  (searcherExecutor-15-thread-1-processing-x:Search_Twitter) [   x:Search_Twitter] o.a.s.c.QuerySenderListener QuerySenderListener done.
2021-03-08 13:44:39.437 INFO  (searcherExecutor-15-thread-1-processing-x:Search_Twitter) [   x:Search_Twitter] o.a.s.c.SolrCore [Search_Twitter]  Registered new searcher autowarm time: 2 ms
2021-03-08 13:44:39.448 INFO  (qtp1217207511-43) [   x:Search_Twitter] o.a.s.u.p.LogUpdateProcessorFactory [Search_Twitter]  webapp=/solr path=/update params={commit=true}{commit=} 0 2062
2021-03-08 13:44:52.483 INFO  (qtp1217207511-21) [   ] o.a.s.s.HttpSolrCall [admin] webapp=null path=/admin/cores params={indexInfo=false&wt=json&_=1615211054524} status=0 QTime=0
2021-03-08 13:44:52.483 INFO  (qtp1217207511-43) [   x:Search_Twitter] o.a.s.c.S.Request [Search_Twitter]  webapp=/solr path=/admin/ping params={action=status&wt=json&_=1615211054525&ts=1615211054525} status=503 QTime=0
2021-03-08 13:44:52.483 INFO  (qtp1217207511-20) [   x:Search_Twitter] o.a.s.c.S.Request [Search_Twitter]  webapp=/solr path=/admin/luke params={numTerms=0&show=index&wt=json&_=1615211054562} status=0 QTime=0
2021-03-08 13:44:52.488 INFO  (qtp1217207511-22) [   x:Search_Twitter] o.a.s.c.S.Request [Search_Twitter]  webapp=/solr path=/replication params={wt=json&command=details&_=1615211054562} status=0 QTime=5
2021-03-08 13:44:52.553 INFO  (qtp1217207511-45) [   ] o.a.s.s.HttpSolrCall [admin] webapp=null path=/admin/info/system params={wt=json&_=1615211054525} status=0 QTime=70
2021-03-08 13:44:52.560 INFO  (qtp1217207511-27) [   x:Search_Twitter] o.a.s.c.S.Request [Search_Twitter]  webapp=/solr path=/admin/system params={wt=json&_=1615211054562} status=0 QTime=77
2021-03-08 13:44:54.971 INFO  (qtp1217207511-21) [   ] o.a.s.s.HttpSolrCall [admin] webapp=null path=/admin/cores params={indexInfo=false&wt=json&_=1615211094919} status=0 QTime=0
2021-03-08 13:44:54.971 INFO  (qtp1217207511-20) [   x:Search_Twitter] o.a.s.c.S.Request [Search_Twitter]  webapp=/solr path=/admin/luke params={numTerms=0&show=index&wt=json&_=1615211094956} status=0 QTime=0
2021-03-08 13:44:54.971 INFO  (qtp1217207511-42) [   x:Search_Twitter] o.a.s.c.S.Request [Search_Twitter]  webapp=/solr path=/admin/ping params={action=status&wt=json&_=1615211094919&ts=1615211094919} status=503 QTime=0
2021-03-08 13:44:54.974 INFO  (qtp1217207511-18) [   x:Search_Twitter] o.a.s.c.S.Request [Search_Twitter]  webapp=/solr path=/replication params={wt=json&command=details&_=1615211094957} status=0 QTime=3
2021-03-08 13:44:55.045 INFO  (qtp1217207511-45) [   x:Search_Twitter] o.a.s.c.S.Request [Search_Twitter]  webapp=/solr path=/admin/system params={wt=json&_=1615211094956} status=0 QTime=74
2021-03-08 13:44:55.050 INFO  (qtp1217207511-27) [   ] o.a.s.s.HttpSolrCall [admin] webapp=null path=/admin/info/system params={wt=json&_=1615211094919} status=0 QTime=79
2021-03-08 13:44:58.166 INFO  (qtp1217207511-27) [   ] o.a.s.s.HttpSolrCall [admin] webapp=null path=/admin/cores params={indexInfo=false&wt=json&_=1615211094919} status=0 QTime=0
2021-03-08 13:44:58.203 INFO  (qtp1217207511-26) [   ] o.a.s.s.HttpSolrCall [admin] webapp=null path=/admin/info/system params={wt=json&_=1615211094919} status=0 QTime=37
2021-03-08 13:44:59.129 INFO  (qtp1217207511-44) [   x:Search_Twitter] o.a.s.c.S.Request [Search_Twitter]  webapp=/solr path=/select params={q=*:*&_=1615211098143} hits=5406 status=0 QTime=1
2021-03-08 13:45:06.999 INFO  (qtp1217207511-19) [   ] o.a.s.s.HttpSolrCall [admin] webapp=null path=/admin/cores params={indexInfo=false&wt=json&_=1615211094919} status=0 QTime=0
2021-03-08 13:45:07.001 INFO  (qtp1217207511-22) [   x:Search_Twitter] o.a.s.c.S.Request [Search_Twitter]  webapp=/solr path=/admin/file params={wt=json&_=1615211106993} status=0 QTime=1
2021-03-08 13:45:07.038 INFO  (qtp1217207511-45) [   ] o.a.s.s.HttpSolrCall [admin] webapp=null path=/admin/info/system params={wt=json&_=1615211094919} status=0 QTime=39
2021-03-08 13:45:11.715 INFO  (qtp1217207511-44) [   ] o.a.s.s.HttpSolrCall [admin] webapp=null path=/admin/cores params={indexInfo=false&wt=json&_=1615211094919} status=0 QTime=0
2021-03-08 13:45:11.720 INFO  (qtp1217207511-18) [   x:Search_Twitter] o.a.s.c.S.Request [Search_Twitter]  webapp=/solr path=/admin/luke params={show=schema&wt=json&_=1615211094956} status=0 QTime=4
2021-03-08 13:45:11.766 INFO  (qtp1217207511-27) [   ] o.a.s.s.HttpSolrCall [admin] webapp=null path=/admin/info/system params={wt=json&_=1615211094919} status=0 QTime=50
2021-03-08 13:45:13.263 INFO  (qtp1217207511-19) [   ] o.a.s.s.HttpSolrCall [admin] webapp=null path=/admin/cores params={indexInfo=false&wt=json&_=1615211094919} status=0 QTime=0
2021-03-08 13:45:13.264 INFO  (qtp1217207511-26) [   x:Search_Twitter] o.a.s.c.S.Request [Search_Twitter]  webapp=/solr path=/admin/luke params={numTerms=0&show=index&wt=json&_=1615211094956} status=0 QTime=0
2021-03-08 13:45:13.264 INFO  (qtp1217207511-27) [   x:Search_Twitter] o.a.s.c.S.Request [Search_Twitter]  webapp=/solr path=/admin/ping params={action=status&wt=json&_=1615211094919&ts=1615211094919} status=503 QTime=0
2021-03-08 13:45:13.267 INFO  (qtp1217207511-22) [   x:Search_Twitter] o.a.s.c.S.Request [Search_Twitter]  webapp=/solr path=/replication params={wt=json&command=details&_=1615211094957} status=0 QTime=3
2021-03-08 13:45:13.329 INFO  (qtp1217207511-45) [   ] o.a.s.s.HttpSolrCall [admin] webapp=null path=/admin/info/system params={wt=json&_=1615211094919} status=0 QTime=66
2021-03-08 13:45:13.335 INFO  (qtp1217207511-43) [   x:Search_Twitter] o.a.s.c.S.Request [Search_Twitter]  webapp=/solr path=/admin/system params={wt=json&_=1615211094956} status=0 QTime=71
2021-03-08 13:45:23.718 INFO  (qtp1217207511-25) [   ] o.a.s.s.HttpSolrCall [admin] webapp=null path=/admin/cores params={indexInfo=false&wt=json&_=1615211094919} status=0 QTime=0
2021-03-08 13:45:23.720 INFO  (qtp1217207511-21) [   x:Search_Twitter] o.a.s.c.S.Request [Search_Twitter]  webapp=/solr path=/admin/luke params={show=schema&wt=json&_=1615211094956} status=0 QTime=2
2021-03-08 13:45:23.758 INFO  (qtp1217207511-43) [   ] o.a.s.s.HttpSolrCall [admin] webapp=null path=/admin/info/system params={wt=json&_=1615211094919} status=0 QTime=40
2021-03-08 13:45:24.495 INFO  (qtp1217207511-22) [   ] o.a.s.s.HttpSolrCall [admin] webapp=null path=/admin/cores params={indexInfo=false&wt=json&_=1615211094919} status=0 QTime=0
2021-03-08 13:45:24.497 INFO  (qtp1217207511-44) [   x:Search_Twitter] o.a.s.c.S.Request [Search_Twitter]  webapp=/solr path=/admin/luke params={show=schema&wt=json&_=1615211094956} status=0 QTime=1
2021-03-08 13:45:24.531 INFO  (qtp1217207511-43) [   ] o.a.s.s.HttpSolrCall [admin] webapp=null path=/admin/info/system params={wt=json&_=1615211094919} status=0 QTime=36
2021-03-08 13:45:25.139 INFO  (qtp1217207511-18) [   ] o.a.s.s.HttpSolrCall [admin] webapp=null path=/admin/cores params={indexInfo=false&wt=json&_=1615211094919} status=0 QTime=0
2021-03-08 13:45:25.144 INFO  (qtp1217207511-21) [   x:Search_Twitter] o.a.s.c.S.Request [Search_Twitter]  webapp=/solr path=/admin/file params={wt=json&_=1615211106993} status=0 QTime=0
2021-03-08 13:45:25.179 INFO  (qtp1217207511-25) [   ] o.a.s.s.HttpSolrCall [admin] webapp=null path=/admin/info/system params={wt=json&_=1615211094919} status=0 QTime=36
2021-03-08 13:45:26.710 INFO  (qtp1217207511-43) [   ] o.a.s.s.HttpSolrCall [admin] webapp=null path=/admin/cores params={indexInfo=false&wt=json&_=1615211094919} status=0 QTime=0
2021-03-08 13:45:26.747 INFO  (qtp1217207511-44) [   ] o.a.s.s.HttpSolrCall [admin] webapp=null path=/admin/info/system params={wt=json&_=1615211094919} status=0 QTime=35
2021-03-08 13:45:36.167 INFO  (qtp1217207511-18) [   x:Search_Twitter] o.a.s.c.S.Request [Search_Twitter]  webapp=/solr path=/select params={q=*:*&_=1615211098143} hits=5406 status=0 QTime=1
2021-03-08 13:47:46.260 INFO  (qtp1217207511-44) [   ] o.a.s.s.HttpSolrCall [admin] webapp=null path=/admin/cores params={indexInfo=false&wt=json&_=1615211094919} status=0 QTime=0
2021-03-08 13:47:46.264 INFO  (qtp1217207511-42) [   x:Search_Twitter] o.a.s.c.S.Request [Search_Twitter]  webapp=/solr path=/admin/luke params={show=schema&wt=json&_=1615211094956} status=0 QTime=2
2021-03-08 13:47:46.265 INFO  (qtp1217207511-43) [   x:Search_Twitter] o.a.s.c.S.Request [Search_Twitter]  webapp=/solr path=/config params={wt=json&_=1615211266237} status=0 QTime=3
2021-03-08 13:47:46.301 INFO  (qtp1217207511-22) [   x:Search_Twitter] o.a.s.c.S.Request [Search_Twitter]  webapp=/solr path=/admin/luke params={numTerms=0&wt=json&_=1615211094956} status=0 QTime=8
2021-03-08 13:47:46.306 INFO  (qtp1217207511-21) [   ] o.a.s.s.HttpSolrCall [admin] webapp=null path=/admin/info/system params={wt=json&_=1615211094919} status=0 QTime=44
2021-03-08 13:47:50.509 INFO  (qtp1217207511-42) [   ] o.a.s.s.HttpSolrCall [admin] webapp=null path=/admin/cores params={indexInfo=false&wt=json&_=1615211094919} status=0 QTime=0
2021-03-08 13:47:50.510 INFO  (qtp1217207511-20) [   x:Search_Twitter] o.a.s.c.S.Request [Search_Twitter]  webapp=/solr path=/config params={wt=json&_=1615211266237} status=0 QTime=0
2021-03-08 13:47:50.511 INFO  (qtp1217207511-44) [   x:Search_Twitter] o.a.s.c.S.Request [Search_Twitter]  webapp=/solr path=/admin/luke params={show=schema&wt=json&_=1615211094956} status=0 QTime=1
2021-03-08 13:47:50.549 INFO  (qtp1217207511-25) [   ] o.a.s.s.HttpSolrCall [admin] webapp=null path=/admin/info/system params={wt=json&_=1615211094919} status=0 QTime=39
2021-03-08 13:47:50.604 INFO  (qtp1217207511-21) [   x:Search_Twitter] o.a.s.c.S.Request [Search_Twitter]  webapp=/solr path=/admin/luke params={numTerms=0&wt=json&_=1615211094956} status=0 QTime=8
2021-03-08 13:47:52.906 INFO  (qtp1217207511-43) [   ] o.a.s.s.HttpSolrCall [admin] webapp=null path=/admin/cores params={indexInfo=false&wt=json&_=1615211094919} status=0 QTime=0
2021-03-08 13:47:52.907 INFO  (qtp1217207511-22) [   x:Search_Twitter] o.a.s.c.S.Request [Search_Twitter]  webapp=/solr path=/config params={wt=json&_=1615211266237} status=0 QTime=0
2021-03-08 13:47:52.908 INFO  (qtp1217207511-27) [   x:Search_Twitter] o.a.s.c.S.Request [Search_Twitter]  webapp=/solr path=/admin/luke params={show=schema&wt=json&_=1615211094956} status=0 QTime=1
2021-03-08 13:47:52.939 INFO  (qtp1217207511-18) [   x:Search_Twitter] o.a.s.c.S.Request [Search_Twitter]  webapp=/solr path=/admin/luke params={numTerms=0&wt=json&_=1615211094956} status=0 QTime=7
2021-03-08 13:47:52.946 INFO  (qtp1217207511-25) [   ] o.a.s.s.HttpSolrCall [admin] webapp=null path=/admin/info/system params={wt=json&_=1615211094919} status=0 QTime=39
2021-03-08 13:48:04.039 INFO  (qtp1217207511-20) [   x:Search_Twitter] o.a.s.s.ManagedIndexSchema Upgraded to managed schema at C:\Users\yongw\Documents\InformationRetrival\indexing and querying\solr-8.8.1\server\solr\configsets\Search_Twitter\conf\conf\managed-schema
2021-03-08 13:48:04.080 INFO  (qtp1217207511-20) [   x:Search_Twitter] o.a.s.c.SolrConfig Using Lucene MatchVersion: 8.8.1
2021-03-08 13:48:04.110 INFO  (qtp1217207511-20) [   x:Search_Twitter] o.a.s.s.IndexSchema Schema name=default-config
2021-03-08 13:48:04.117 WARN  (qtp1217207511-20) [   x:Search_Twitter] o.a.s.s.AbstractSpatialPrefixTreeFieldType FieldType SpatialRecursivePrefixTreeFieldType does not allow omitNorms to be specified in schema, hardcoded behavior is omitNorms=true
2021-03-08 13:48:04.117 WARN  (qtp1217207511-20) [   x:Search_Twitter] o.a.s.s.AbstractSpatialPrefixTreeFieldType FieldType SpatialRecursivePrefixTreeFieldType does not allow omitTermFreqAndPositions to be specified in schema, hardcoded behavior is omitTermFreqAndPositions=true
2021-03-08 13:48:04.117 WARN  (qtp1217207511-20) [   x:Search_Twitter] o.a.s.s.AbstractSpatialPrefixTreeFieldType FieldType SpatialRecursivePrefixTreeFieldType does not allow termOffsets to be specified in schema, hardcoded behavior is termOffsets=false
2021-03-08 13:48:04.117 WARN  (qtp1217207511-20) [   x:Search_Twitter] o.a.s.s.AbstractSpatialPrefixTreeFieldType FieldType SpatialRecursivePrefixTreeFieldType does not allow termPositions to be specified in schema, hardcoded behavior is termPositions=false
2021-03-08 13:48:04.118 WARN  (qtp1217207511-20) [   x:Search_Twitter] o.a.s.s.AbstractSpatialPrefixTreeFieldType FieldType SpatialRecursivePrefixTreeFieldType does not allow omitPositions to be specified in schema, hardcoded behavior is omitPositions=true
2021-03-08 13:48:04.177 INFO  (qtp1217207511-20) [   x:Search_Twitter] o.a.s.s.IndexSchema Loaded schema default-config/1.6 with uniqueid field id
2021-03-08 13:48:04.227 INFO  (qtp1217207511-20) [   x:Search_Twitter] o.a.s.c.CoreContainer Reloading SolrCore 'Search_Twitter' using configuration from instancedir C:\Users\yongw\Documents\InformationRetrival\indexing and querying\solr-8.8.1\server\solr\configsets\Search_Twitter\conf
2021-03-08 13:48:04.244 INFO  (qtp1217207511-20) [   x:Search_Twitter] o.a.s.m.r.SolrJmxReporter JMX monitoring for 'solr.core.Search_Twitter' (registry 'solr.core.Search_Twitter') enabled at server: com.sun.jmx.mbeanserver.JmxMBeanServer@3ad83a66
2021-03-08 13:48:04.244 INFO  (qtp1217207511-20) [   x:Search_Twitter] o.a.s.c.SolrCore [[Search_Twitter] ] Opening new SolrCore at [C:\Users\yongw\Documents\InformationRetrival\indexing and querying\solr-8.8.1\server\solr\configsets\Search_Twitter\conf], dataDir=[C:\Users\yongw\Documents\InformationRetrival\indexing and querying\solr-8.8.1\server\solr\configsets\Search_Twitter\conf\data\]
2021-03-08 13:48:04.290 INFO  (qtp1217207511-20) [   x:Search_Twitter] o.a.s.u.CommitTracker Hard AutoCommit: if uncommitted for 15000ms; 
2021-03-08 13:48:04.290 INFO  (qtp1217207511-20) [   x:Search_Twitter] o.a.s.u.CommitTracker Soft AutoCommit: disabled
2021-03-08 13:48:04.300 INFO  (qtp1217207511-20) [   x:Search_Twitter] o.a.s.r.ManagedResourceStorage File-based storage initialized to use dir: C:\Users\yongw\Documents\InformationRetrival\indexing and querying\solr-8.8.1\server\solr\configsets\Search_Twitter\conf\conf
2021-03-08 13:48:04.300 INFO  (qtp1217207511-20) [   x:Search_Twitter] o.a.s.h.c.SpellCheckComponent Initializing spell checkers
2021-03-08 13:48:04.300 INFO  (qtp1217207511-20) [   x:Search_Twitter] o.a.s.s.DirectSolrSpellChecker init: {name=default,field=_text_,classname=solr.DirectSolrSpellChecker,distanceMeasure=internal,accuracy=0.5,maxEdits=2,minPrefix=1,maxInspections=5,minQueryLength=4,maxQueryFrequency=0.01}
2021-03-08 13:48:04.301 INFO  (qtp1217207511-20) [   x:Search_Twitter] o.a.s.h.ReplicationHandler Commits will be reserved for 10000 ms
2021-03-08 13:48:04.305 INFO  (searcherExecutor-21-thread-1-processing-x:Search_Twitter) [   x:Search_Twitter] o.a.s.c.QuerySenderListener QuerySenderListener done.
2021-03-08 13:48:04.305 INFO  (searcherExecutor-21-thread-1-processing-x:Search_Twitter) [   x:Search_Twitter] o.a.s.h.c.SpellCheckComponent Loading spell index for spellchecker: default
2021-03-08 13:48:04.309 INFO  (searcherExecutor-21-thread-1-processing-x:Search_Twitter) [   x:Search_Twitter] o.a.s.c.SolrCore [Search_Twitter]  Registered new searcher autowarm time: 0 ms
2021-03-08 13:48:04.348 INFO  (qtp1217207511-20) [   x:Search_Twitter] o.a.s.u.DefaultSolrCoreState New IndexWriter is ready to be used.
2021-03-08 13:48:04.357 INFO  (qtp1217207511-20) [   ] o.a.s.c.S.Request [Search_Twitter]  webapp=/solr path=/schema params={wt=json&_=1615211266236} status=0 QTime=395
2021-03-08 13:48:04.357 INFO  (searcherExecutor-21-thread-1-processing-x:Search_Twitter) [   x:Search_Twitter] o.a.s.c.QuerySenderListener QuerySenderListener done.
2021-03-08 13:48:04.358 INFO  (qtp1217207511-20) [   ] o.a.s.c.SolrCore [Search_Twitter]  CLOSING SolrCore org.apache.solr.core.SolrCore@307dee95
2021-03-08 13:48:04.358 INFO  (qtp1217207511-20) [   ] o.a.s.m.SolrMetricManager Closing metric reporters for registry=solr.core.Search_Twitter tag=SolrCore@307dee95
2021-03-08 13:48:04.358 INFO  (qtp1217207511-20) [   ] o.a.s.m.r.SolrJmxReporter Closing reporter [org.apache.solr.metrics.reporters.SolrJmxReporter@3755b55b: rootName = null, domain = solr.core.Search_Twitter, service url = null, agent id = null] for registry solr.core.Search_Twitter/com.codahale.metrics.MetricRegistry@1037f238
2021-03-08 13:48:04.361 INFO  (searcherExecutor-21-thread-1-processing-x:Search_Twitter) [   x:Search_Twitter] o.a.s.c.SolrCore [Search_Twitter]  Registered new searcher autowarm time: 0 ms
2021-03-08 13:48:05.883 INFO  (qtp1217207511-44) [   x:Search_Twitter] o.a.s.c.S.Request [Search_Twitter]  webapp=/solr path=/config params={wt=json&_=1615211266237} status=0 QTime=1
2021-03-08 13:48:05.886 INFO  (qtp1217207511-27) [   x:Search_Twitter] o.a.s.c.S.Request [Search_Twitter]  webapp=/solr path=/admin/luke params={show=schema&wt=json&_=1615211094956} status=0 QTime=4
2021-03-08 13:48:05.905 INFO  (qtp1217207511-18) [   x:Search_Twitter] o.a.s.c.S.Request [Search_Twitter]  webapp=/solr path=/admin/luke params={numTerms=0&wt=json&_=1615211094956} status=0 QTime=6
2021-03-08 13:48:07.243 INFO  (qtp1217207511-25) [   ] o.a.s.s.HttpSolrCall [admin] webapp=null path=/admin/cores params={indexInfo=false&wt=json&_=1615211094919} status=0 QTime=0
2021-03-08 13:48:07.281 INFO  (qtp1217207511-20) [   ] o.a.s.s.HttpSolrCall [admin] webapp=null path=/admin/info/system params={wt=json&_=1615211094919} status=0 QTime=37
2021-03-08 13:48:08.178 INFO  (qtp1217207511-27) [   x:Search_Twitter] o.a.s.c.S.Request [Search_Twitter]  webapp=/solr path=/select params={q=*:*&_=1615211098143} hits=5406 status=0 QTime=0
2021-03-08 13:48:17.640 INFO  (qtp1217207511-21) [   x:Search_Twitter] o.a.s.u.p.LogUpdateProcessorFactory [Search_Twitter]  webapp=/solr path=/update params={}{add=[1355667091739697152 (1693671799420616704), 1355667078813016065 (1693671799425859584), 1355667077777010691 (1693671799426908160), 1355667072726958080 (1693671799426908161), 1355667065764524035 (1693671799427956736), 1355667050769883140 (1693671799427956737), 1355667045296320516 (1693671799427956738), 1355667035989004289 (1693671799429005312), 1355667025742315521 (1693671799430053888), 1355667016535977985 (1693671799430053889), ... (14577 adds)]} 0 2112
2021-03-08 13:48:19.677 INFO  (searcherExecutor-21-thread-1-processing-x:Search_Twitter) [   x:Search_Twitter] o.a.s.c.QuerySenderListener QuerySenderListener done.
2021-03-08 13:48:19.681 INFO  (searcherExecutor-21-thread-1-processing-x:Search_Twitter) [   x:Search_Twitter] o.a.s.c.SolrCore [Search_Twitter]  Registered new searcher autowarm time: 0 ms
2021-03-08 13:48:19.690 INFO  (qtp1217207511-45) [   x:Search_Twitter] o.a.s.u.p.LogUpdateProcessorFactory [Search_Twitter]  webapp=/solr path=/update params={commit=true}{commit=} 0 2047
2021-03-08 13:48:23.623 INFO  (qtp1217207511-21) [   ] o.a.s.s.HttpSolrCall [admin] webapp=null path=/admin/cores params={indexInfo=false&wt=json&_=1615211303514} status=0 QTime=0
2021-03-08 13:48:23.666 INFO  (qtp1217207511-25) [   ] o.a.s.s.HttpSolrCall [admin] webapp=null path=/admin/info/system params={wt=json&_=1615211303515} status=0 QTime=43
2021-03-08 13:48:24.921 INFO  (qtp1217207511-44) [   x:Search_Twitter] o.a.s.c.S.Request [Search_Twitter]  webapp=/solr path=/select params={q=*:*&_=1615211303598} hits=5406 status=0 QTime=1
2021-03-08 13:48:56.071 INFO  (qtp1217207511-25) [   x:Search_Twitter] o.a.s.s.ManagedIndexSchema Upgraded to managed schema at C:\Users\yongw\Documents\InformationRetrival\indexing and querying\solr-8.8.1\server\solr\configsets\Search_Twitter\conf\conf\managed-schema
2021-03-08 13:48:56.108 INFO  (qtp1217207511-25) [   x:Search_Twitter] o.a.s.c.SolrConfig Using Lucene MatchVersion: 8.8.1
2021-03-08 13:48:56.136 INFO  (qtp1217207511-25) [   x:Search_Twitter] o.a.s.s.IndexSchema Schema name=default-config
2021-03-08 13:48:56.143 WARN  (qtp1217207511-25) [   x:Search_Twitter] o.a.s.s.AbstractSpatialPrefixTreeFieldType FieldType SpatialRecursivePrefixTreeFieldType does not allow omitNorms to be specified in schema, hardcoded behavior is omitNorms=true
2021-03-08 13:48:56.143 WARN  (qtp1217207511-25) [   x:Search_Twitter] o.a.s.s.AbstractSpatialPrefixTreeFieldType FieldType SpatialRecursivePrefixTreeFieldType does not allow omitTermFreqAndPositions to be specified in schema, hardcoded behavior is omitTermFreqAndPositions=true
2021-03-08 13:48:56.143 WARN  (qtp1217207511-25) [   x:Search_Twitter] o.a.s.s.AbstractSpatialPrefixTreeFieldType FieldType SpatialRecursivePrefixTreeFieldType does not allow termOffsets to be specified in schema, hardcoded behavior is termOffsets=false
2021-03-08 13:48:56.143 WARN  (qtp1217207511-25) [   x:Search_Twitter] o.a.s.s.AbstractSpatialPrefixTreeFieldType FieldType SpatialRecursivePrefixTreeFieldType does not allow termPositions to be specified in schema, hardcoded behavior is termPositions=false
2021-03-08 13:48:56.143 WARN  (qtp1217207511-25) [   x:Search_Twitter] o.a.s.s.AbstractSpatialPrefixTreeFieldType FieldType SpatialRecursivePrefixTreeFieldType does not allow omitPositions to be specified in schema, hardcoded behavior is omitPositions=true
2021-03-08 13:48:56.202 INFO  (qtp1217207511-25) [   x:Search_Twitter] o.a.s.s.IndexSchema Loaded schema default-config/1.6 with uniqueid field id
2021-03-08 13:48:56.252 INFO  (qtp1217207511-25) [   x:Search_Twitter] o.a.s.c.CoreContainer Reloading SolrCore 'Search_Twitter' using configuration from instancedir C:\Users\yongw\Documents\InformationRetrival\indexing and querying\solr-8.8.1\server\solr\configsets\Search_Twitter\conf
2021-03-08 13:48:56.263 INFO  (qtp1217207511-25) [   x:Search_Twitter] o.a.s.m.r.SolrJmxReporter JMX monitoring for 'solr.core.Search_Twitter' (registry 'solr.core.Search_Twitter') enabled at server: com.sun.jmx.mbeanserver.JmxMBeanServer@3ad83a66
2021-03-08 13:48:56.264 INFO  (qtp1217207511-25) [   x:Search_Twitter] o.a.s.c.SolrCore [[Search_Twitter] ] Opening new SolrCore at [C:\Users\yongw\Documents\InformationRetrival\indexing and querying\solr-8.8.1\server\solr\configsets\Search_Twitter\conf], dataDir=[C:\Users\yongw\Documents\InformationRetrival\indexing and querying\solr-8.8.1\server\solr\configsets\Search_Twitter\conf\data\]
2021-03-08 13:48:56.302 INFO  (qtp1217207511-25) [   x:Search_Twitter] o.a.s.u.CommitTracker Hard AutoCommit: if uncommitted for 15000ms; 
2021-03-08 13:48:56.302 INFO  (qtp1217207511-25) [   x:Search_Twitter] o.a.s.u.CommitTracker Soft AutoCommit: disabled
2021-03-08 13:48:56.312 INFO  (qtp1217207511-25) [   x:Search_Twitter] o.a.s.r.ManagedResourceStorage File-based storage initialized to use dir: C:\Users\yongw\Documents\InformationRetrival\indexing and querying\solr-8.8.1\server\solr\configsets\Search_Twitter\conf\conf
2021-03-08 13:48:56.312 INFO  (qtp1217207511-25) [   x:Search_Twitter] o.a.s.h.c.SpellCheckComponent Initializing spell checkers
2021-03-08 13:48:56.312 INFO  (qtp1217207511-25) [   x:Search_Twitter] o.a.s.s.DirectSolrSpellChecker init: {name=default,field=_text_,classname=solr.DirectSolrSpellChecker,distanceMeasure=internal,accuracy=0.5,maxEdits=2,minPrefix=1,maxInspections=5,minQueryLength=4,maxQueryFrequency=0.01}
2021-03-08 13:48:56.313 INFO  (qtp1217207511-25) [   x:Search_Twitter] o.a.s.h.ReplicationHandler Commits will be reserved for 10000 ms
2021-03-08 13:48:56.316 INFO  (searcherExecutor-26-thread-1-processing-x:Search_Twitter) [   x:Search_Twitter] o.a.s.c.QuerySenderListener QuerySenderListener done.
2021-03-08 13:48:56.316 INFO  (searcherExecutor-26-thread-1-processing-x:Search_Twitter) [   x:Search_Twitter] o.a.s.h.c.SpellCheckComponent Loading spell index for spellchecker: default
2021-03-08 13:48:56.318 INFO  (searcherExecutor-26-thread-1-processing-x:Search_Twitter) [   x:Search_Twitter] o.a.s.c.SolrCore [Search_Twitter]  Registered new searcher autowarm time: 0 ms
2021-03-08 13:48:56.385 INFO  (qtp1217207511-25) [   x:Search_Twitter] o.a.s.u.DefaultSolrCoreState New IndexWriter is ready to be used.
2021-03-08 13:48:56.393 INFO  (searcherExecutor-26-thread-1-processing-x:Search_Twitter) [   x:Search_Twitter] o.a.s.c.QuerySenderListener QuerySenderListener done.
2021-03-08 13:48:56.393 INFO  (qtp1217207511-25) [   ] o.a.s.c.SolrCore [Search_Twitter]  CLOSING SolrCore org.apache.solr.core.SolrCore@e8001ba
2021-03-08 13:48:56.393 INFO  (qtp1217207511-25) [   ] o.a.s.m.SolrMetricManager Closing metric reporters for registry=solr.core.Search_Twitter tag=SolrCore@e8001ba
2021-03-08 13:48:56.393 INFO  (qtp1217207511-25) [   ] o.a.s.m.r.SolrJmxReporter Closing reporter [org.apache.solr.metrics.reporters.SolrJmxReporter@5f14dac8: rootName = null, domain = solr.core.Search_Twitter, service url = null, agent id = null] for registry solr.core.Search_Twitter/com.codahale.metrics.MetricRegistry@1037f238
2021-03-08 13:48:56.395 INFO  (searcherExecutor-26-thread-1-processing-x:Search_Twitter) [   x:Search_Twitter] o.a.s.c.SolrCore [Search_Twitter]  Registered new searcher autowarm time: 0 ms
2021-03-08 13:49:17.525 INFO  (qtp1217207511-23) [   x:Search_Twitter] o.a.s.s.ManagedIndexSchema Upgraded to managed schema at C:\Users\yongw\Documents\InformationRetrival\indexing and querying\solr-8.8.1\server\solr\configsets\Search_Twitter\conf\conf\managed-schema
2021-03-08 13:49:17.566 INFO  (qtp1217207511-23) [   x:Search_Twitter] o.a.s.c.SolrConfig Using Lucene MatchVersion: 8.8.1
2021-03-08 13:49:17.591 INFO  (qtp1217207511-23) [   x:Search_Twitter] o.a.s.s.IndexSchema Schema name=default-config
2021-03-08 13:49:17.597 WARN  (qtp1217207511-23) [   x:Search_Twitter] o.a.s.s.AbstractSpatialPrefixTreeFieldType FieldType SpatialRecursivePrefixTreeFieldType does not allow omitNorms to be specified in schema, hardcoded behavior is omitNorms=true
2021-03-08 13:49:17.597 WARN  (qtp1217207511-23) [   x:Search_Twitter] o.a.s.s.AbstractSpatialPrefixTreeFieldType FieldType SpatialRecursivePrefixTreeFieldType does not allow omitTermFreqAndPositions to be specified in schema, hardcoded behavior is omitTermFreqAndPositions=true
2021-03-08 13:49:17.597 WARN  (qtp1217207511-23) [   x:Search_Twitter] o.a.s.s.AbstractSpatialPrefixTreeFieldType FieldType SpatialRecursivePrefixTreeFieldType does not allow termOffsets to be specified in schema, hardcoded behavior is termOffsets=false
2021-03-08 13:49:17.597 WARN  (qtp1217207511-23) [   x:Search_Twitter] o.a.s.s.AbstractSpatialPrefixTreeFieldType FieldType SpatialRecursivePrefixTreeFieldType does not allow termPositions to be specified in schema, hardcoded behavior is termPositions=false
2021-03-08 13:49:17.597 WARN  (qtp1217207511-23) [   x:Search_Twitter] o.a.s.s.AbstractSpatialPrefixTreeFieldType FieldType SpatialRecursivePrefixTreeFieldType does not allow omitPositions to be specified in schema, hardcoded behavior is omitPositions=true
2021-03-08 13:49:17.647 INFO  (qtp1217207511-23) [   x:Search_Twitter] o.a.s.s.IndexSchema Loaded schema default-config/1.6 with uniqueid field id
2021-03-08 13:49:17.698 INFO  (qtp1217207511-23) [   x:Search_Twitter] o.a.s.c.CoreContainer Reloading SolrCore 'Search_Twitter' using configuration from instancedir C:\Users\yongw\Documents\InformationRetrival\indexing and querying\solr-8.8.1\server\solr\configsets\Search_Twitter\conf
2021-03-08 13:49:17.708 INFO  (qtp1217207511-23) [   x:Search_Twitter] o.a.s.m.r.SolrJmxReporter JMX monitoring for 'solr.core.Search_Twitter' (registry 'solr.core.Search_Twitter') enabled at server: com.sun.jmx.mbeanserver.JmxMBeanServer@3ad83a66
2021-03-08 13:49:17.709 INFO  (qtp1217207511-23) [   x:Search_Twitter] o.a.s.c.SolrCore [[Search_Twitter] ] Opening new SolrCore at [C:\Users\yongw\Documents\InformationRetrival\indexing and querying\solr-8.8.1\server\solr\configsets\Search_Twitter\conf], dataDir=[C:\Users\yongw\Documents\InformationRetrival\indexing and querying\solr-8.8.1\server\solr\configsets\Search_Twitter\conf\data\]
2021-03-08 13:49:17.743 INFO  (qtp1217207511-23) [   x:Search_Twitter] o.a.s.u.CommitTracker Hard AutoCommit: if uncommitted for 15000ms; 
2021-03-08 13:49:17.743 INFO  (qtp1217207511-23) [   x:Search_Twitter] o.a.s.u.CommitTracker Soft AutoCommit: disabled
2021-03-08 13:49:17.746 INFO  (qtp1217207511-23) [   x:Search_Twitter] o.a.s.r.ManagedResourceStorage File-based storage initialized to use dir: C:\Users\yongw\Documents\InformationRetrival\indexing and querying\solr-8.8.1\server\solr\configsets\Search_Twitter\conf\conf
2021-03-08 13:49:17.746 INFO  (qtp1217207511-23) [   x:Search_Twitter] o.a.s.h.c.SpellCheckComponent Initializing spell checkers
2021-03-08 13:49:17.746 INFO  (qtp1217207511-23) [   x:Search_Twitter] o.a.s.s.DirectSolrSpellChecker init: {name=default,field=_text_,classname=solr.DirectSolrSpellChecker,distanceMeasure=internal,accuracy=0.5,maxEdits=2,minPrefix=1,maxInspections=5,minQueryLength=4,maxQueryFrequency=0.01}
2021-03-08 13:49:17.746 INFO  (qtp1217207511-23) [   x:Search_Twitter] o.a.s.h.ReplicationHandler Commits will be reserved for 10000 ms
2021-03-08 13:49:17.749 INFO  (searcherExecutor-31-thread-1-processing-x:Search_Twitter) [   x:Search_Twitter] o.a.s.c.QuerySenderListener QuerySenderListener done.
2021-03-08 13:49:17.749 INFO  (searcherExecutor-31-thread-1-processing-x:Search_Twitter) [   x:Search_Twitter] o.a.s.h.c.SpellCheckComponent Loading spell index for spellchecker: default
2021-03-08 13:49:17.751 INFO  (searcherExecutor-31-thread-1-processing-x:Search_Twitter) [   x:Search_Twitter] o.a.s.c.SolrCore [Search_Twitter]  Registered new searcher autowarm time: 0 ms
2021-03-08 13:49:17.759 INFO  (qtp1217207511-23) [   x:Search_Twitter] o.a.s.u.DefaultSolrCoreState New IndexWriter is ready to be used.
2021-03-08 13:49:17.769 INFO  (searcherExecutor-31-thread-1-processing-x:Search_Twitter) [   x:Search_Twitter] o.a.s.c.QuerySenderListener QuerySenderListener done.
2021-03-08 13:49:17.769 INFO  (qtp1217207511-23) [   ] o.a.s.c.SolrCore [Search_Twitter]  CLOSING SolrCore org.apache.solr.core.SolrCore@514e99a5
2021-03-08 13:49:17.769 INFO  (qtp1217207511-23) [   ] o.a.s.m.SolrMetricManager Closing metric reporters for registry=solr.core.Search_Twitter tag=SolrCore@514e99a5
2021-03-08 13:49:17.769 INFO  (qtp1217207511-23) [   ] o.a.s.m.r.SolrJmxReporter Closing reporter [org.apache.solr.metrics.reporters.SolrJmxReporter@1733b11: rootName = null, domain = solr.core.Search_Twitter, service url = null, agent id = null] for registry solr.core.Search_Twitter/com.codahale.metrics.MetricRegistry@1037f238
2021-03-08 13:49:17.771 INFO  (searcherExecutor-31-thread-1-processing-x:Search_Twitter) [   x:Search_Twitter] o.a.s.c.SolrCore [Search_Twitter]  Registered new searcher autowarm time: 0 ms
2021-03-08 13:49:42.842 INFO  (qtp1217207511-25) [   x:Search_Twitter] o.a.s.s.ManagedIndexSchema Upgraded to managed schema at C:\Users\yongw\Documents\InformationRetrival\indexing and querying\solr-8.8.1\server\solr\configsets\Search_Twitter\conf\conf\managed-schema
2021-03-08 13:49:42.869 INFO  (qtp1217207511-25) [   x:Search_Twitter] o.a.s.c.SolrConfig Using Lucene MatchVersion: 8.8.1
2021-03-08 13:49:42.894 INFO  (qtp1217207511-25) [   x:Search_Twitter] o.a.s.s.IndexSchema Schema name=default-config
2021-03-08 13:49:42.898 WARN  (qtp1217207511-25) [   x:Search_Twitter] o.a.s.s.AbstractSpatialPrefixTreeFieldType FieldType SpatialRecursivePrefixTreeFieldType does not allow omitNorms to be specified in schema, hardcoded behavior is omitNorms=true
2021-03-08 13:49:42.898 WARN  (qtp1217207511-25) [   x:Search_Twitter] o.a.s.s.AbstractSpatialPrefixTreeFieldType FieldType SpatialRecursivePrefixTreeFieldType does not allow omitTermFreqAndPositions to be specified in schema, hardcoded behavior is omitTermFreqAndPositions=true
2021-03-08 13:49:42.898 WARN  (qtp1217207511-25) [   x:Search_Twitter] o.a.s.s.AbstractSpatialPrefixTreeFieldType FieldType SpatialRecursivePrefixTreeFieldType does not allow termOffsets to be specified in schema, hardcoded behavior is termOffsets=false
2021-03-08 13:49:42.898 WARN  (qtp1217207511-25) [   x:Search_Twitter] o.a.s.s.AbstractSpatialPrefixTreeFieldType FieldType SpatialRecursivePrefixTreeFieldType does not allow termPositions to be specified in schema, hardcoded behavior is termPositions=false
2021-03-08 13:49:42.898 WARN  (qtp1217207511-25) [   x:Search_Twitter] o.a.s.s.AbstractSpatialPrefixTreeFieldType FieldType SpatialRecursivePrefixTreeFieldType does not allow omitPositions to be specified in schema, hardcoded behavior is omitPositions=true
2021-03-08 13:49:42.949 INFO  (qtp1217207511-25) [   x:Search_Twitter] o.a.s.s.IndexSchema Loaded schema default-config/1.6 with uniqueid field id
2021-03-08 13:49:42.995 INFO  (qtp1217207511-25) [   x:Search_Twitter] o.a.s.c.CoreContainer Reloading SolrCore 'Search_Twitter' using configuration from instancedir C:\Users\yongw\Documents\InformationRetrival\indexing and querying\solr-8.8.1\server\solr\configsets\Search_Twitter\conf
2021-03-08 13:49:43.004 INFO  (qtp1217207511-25) [   x:Search_Twitter] o.a.s.m.r.SolrJmxReporter JMX monitoring for 'solr.core.Search_Twitter' (registry 'solr.core.Search_Twitter') enabled at server: com.sun.jmx.mbeanserver.JmxMBeanServer@3ad83a66
2021-03-08 13:49:43.004 INFO  (qtp1217207511-25) [   x:Search_Twitter] o.a.s.c.SolrCore [[Search_Twitter] ] Opening new SolrCore at [C:\Users\yongw\Documents\InformationRetrival\indexing and querying\solr-8.8.1\server\solr\configsets\Search_Twitter\conf], dataDir=[C:\Users\yongw\Documents\InformationRetrival\indexing and querying\solr-8.8.1\server\solr\configsets\Search_Twitter\conf\data\]
2021-03-08 13:49:43.037 INFO  (qtp1217207511-25) [   x:Search_Twitter] o.a.s.u.CommitTracker Hard AutoCommit: if uncommitted for 15000ms; 
2021-03-08 13:49:43.037 INFO  (qtp1217207511-25) [   x:Search_Twitter] o.a.s.u.CommitTracker Soft AutoCommit: disabled
2021-03-08 13:49:43.040 INFO  (qtp1217207511-25) [   x:Search_Twitter] o.a.s.r.ManagedResourceStorage File-based storage initialized to use dir: C:\Users\yongw\Documents\InformationRetrival\indexing and querying\solr-8.8.1\server\solr\configsets\Search_Twitter\conf\conf
2021-03-08 13:49:43.040 INFO  (qtp1217207511-25) [   x:Search_Twitter] o.a.s.h.c.SpellCheckComponent Initializing spell checkers
2021-03-08 13:49:43.040 INFO  (qtp1217207511-25) [   x:Search_Twitter] o.a.s.s.DirectSolrSpellChecker init: {name=default,field=_text_,classname=solr.DirectSolrSpellChecker,distanceMeasure=internal,accuracy=0.5,maxEdits=2,minPrefix=1,maxInspections=5,minQueryLength=4,maxQueryFrequency=0.01}
2021-03-08 13:49:43.041 INFO  (qtp1217207511-25) [   x:Search_Twitter] o.a.s.h.ReplicationHandler Commits will be reserved for 10000 ms
2021-03-08 13:49:43.043 INFO  (searcherExecutor-36-thread-1-processing-x:Search_Twitter) [   x:Search_Twitter] o.a.s.c.QuerySenderListener QuerySenderListener done.
2021-03-08 13:49:43.043 INFO  (searcherExecutor-36-thread-1-processing-x:Search_Twitter) [   x:Search_Twitter] o.a.s.h.c.SpellCheckComponent Loading spell index for spellchecker: default
2021-03-08 13:49:43.045 INFO  (searcherExecutor-36-thread-1-processing-x:Search_Twitter) [   x:Search_Twitter] o.a.s.c.SolrCore [Search_Twitter]  Registered new searcher autowarm time: 0 ms
2021-03-08 13:49:43.049 INFO  (qtp1217207511-25) [   x:Search_Twitter] o.a.s.u.DefaultSolrCoreState New IndexWriter is ready to be used.
2021-03-08 13:49:43.055 INFO  (searcherExecutor-36-thread-1-processing-x:Search_Twitter) [   x:Search_Twitter] o.a.s.c.QuerySenderListener QuerySenderListener done.
2021-03-08 13:49:43.055 INFO  (qtp1217207511-25) [   ] o.a.s.c.SolrCore [Search_Twitter]  CLOSING SolrCore org.apache.solr.core.SolrCore@5b18f123
2021-03-08 13:49:43.055 INFO  (qtp1217207511-25) [   ] o.a.s.m.SolrMetricManager Closing metric reporters for registry=solr.core.Search_Twitter tag=SolrCore@5b18f123
2021-03-08 13:49:43.055 INFO  (qtp1217207511-25) [   ] o.a.s.m.r.SolrJmxReporter Closing reporter [org.apache.solr.metrics.reporters.SolrJmxReporter@75eff66: rootName = null, domain = solr.core.Search_Twitter, service url = null, agent id = null] for registry solr.core.Search_Twitter/com.codahale.metrics.MetricRegistry@1037f238
2021-03-08 13:49:43.057 INFO  (searcherExecutor-36-thread-1-processing-x:Search_Twitter) [   x:Search_Twitter] o.a.s.c.SolrCore [Search_Twitter]  Registered new searcher autowarm time: 0 ms
2021-03-08 13:49:56.916 INFO  (qtp1217207511-42) [   ] o.a.s.s.HttpSolrCall [admin] webapp=null path=/admin/cores params={indexInfo=false&wt=json&_=1615211303514} status=0 QTime=0
2021-03-08 13:49:56.917 INFO  (qtp1217207511-19) [   x:Search_Twitter] o.a.s.c.S.Request [Search_Twitter]  webapp=/solr path=/config params={wt=json&_=1615211396894} status=0 QTime=0
2021-03-08 13:49:56.918 INFO  (qtp1217207511-18) [   x:Search_Twitter] o.a.s.c.S.Request [Search_Twitter]  webapp=/solr path=/admin/luke params={show=schema&wt=json&_=1615211396894} status=0 QTime=1
2021-03-08 13:49:56.958 INFO  (qtp1217207511-44) [   ] o.a.s.s.HttpSolrCall [admin] webapp=null path=/admin/info/system params={wt=json&_=1615211303515} status=0 QTime=41
2021-03-08 13:49:56.965 INFO  (qtp1217207511-42) [   x:Search_Twitter] o.a.s.c.S.Request [Search_Twitter]  webapp=/solr path=/admin/luke params={numTerms=0&wt=json&_=1615211396894} status=0 QTime=5
2021-03-08 13:49:59.464 INFO  (qtp1217207511-18) [   ] o.a.s.s.HttpSolrCall [admin] webapp=null path=/admin/cores params={indexInfo=false&wt=json&_=1615211303514} status=0 QTime=0
2021-03-08 13:49:59.464 INFO  (qtp1217207511-23) [   x:Search_Twitter] o.a.s.c.S.Request [Search_Twitter]  webapp=/solr path=/config params={wt=json&_=1615211396894} status=0 QTime=0
2021-03-08 13:49:59.465 INFO  (qtp1217207511-25) [   x:Search_Twitter] o.a.s.c.S.Request [Search_Twitter]  webapp=/solr path=/admin/luke params={show=schema&wt=json&_=1615211396894} status=0 QTime=1
2021-03-08 13:49:59.492 INFO  (qtp1217207511-19) [   x:Search_Twitter] o.a.s.c.S.Request [Search_Twitter]  webapp=/solr path=/admin/luke params={numTerms=0&wt=json&_=1615211396894} status=0 QTime=3
2021-03-08 13:49:59.507 INFO  (qtp1217207511-21) [   ] o.a.s.s.HttpSolrCall [admin] webapp=null path=/admin/info/system params={wt=json&_=1615211303515} status=0 QTime=43
2021-03-08 13:50:09.713 INFO  (qtp1217207511-45) [   x:Search_Twitter] o.a.s.u.p.LogUpdateProcessorFactory [Search_Twitter]  webapp=/solr path=/update params={}{add=[1355667091739697152 (1693671917017366528), 1355667078813016065 (1693671917020512256), 1355667077777010691 (1693671917020512257), 1355667072726958080 (1693671917020512258), 1355667065764524035 (1693671917020512259), 1355667050769883140 (1693671917020512260), 1355667045296320516 (1693671917021560832), 1355667035989004289 (1693671917021560833), 1355667025742315521 (1693671917021560834), 1355667016535977985 (1693671917021560835), ... (14577 adds)]} 0 2036
2021-03-08 13:50:11.188 INFO  (searcherExecutor-36-thread-1-processing-x:Search_Twitter) [   x:Search_Twitter] o.a.s.c.QuerySenderListener QuerySenderListener done.
2021-03-08 13:50:11.190 INFO  (searcherExecutor-36-thread-1-processing-x:Search_Twitter) [   x:Search_Twitter] o.a.s.c.SolrCore [Search_Twitter]  Registered new searcher autowarm time: 0 ms
2021-03-08 13:50:11.195 INFO  (qtp1217207511-27) [   x:Search_Twitter] o.a.s.u.p.LogUpdateProcessorFactory [Search_Twitter]  webapp=/solr path=/update params={commit=true}{commit=} 0 1478
2021-03-08 13:50:19.358 INFO  (qtp1217207511-25) [   ] o.a.s.s.HttpSolrCall [admin] webapp=null path=/admin/cores params={indexInfo=false&wt=json&_=1615211303514} status=0 QTime=0
2021-03-08 13:50:19.359 INFO  (qtp1217207511-22) [   x:Search_Twitter] o.a.s.c.S.Request [Search_Twitter]  webapp=/solr path=/admin/file params={wt=json&_=1615211419351} status=0 QTime=0
2021-03-08 13:50:19.397 INFO  (qtp1217207511-43) [   ] o.a.s.s.HttpSolrCall [admin] webapp=null path=/admin/info/system params={wt=json&_=1615211303515} status=0 QTime=38
2021-03-08 13:50:23.796 INFO  (qtp1217207511-45) [   ] o.a.s.s.HttpSolrCall [admin] webapp=null path=/admin/cores params={indexInfo=false&wt=json&_=1615211303514} status=0 QTime=0
2021-03-08 13:50:23.832 INFO  (qtp1217207511-22) [   ] o.a.s.s.HttpSolrCall [admin] webapp=null path=/admin/info/system params={wt=json&_=1615211303515} status=0 QTime=35
2021-03-08 13:50:25.839 INFO  (qtp1217207511-43) [   x:Search_Twitter] o.a.s.c.S.Request [Search_Twitter]  webapp=/solr path=/select params={q=*:*&_=1615211303598} hits=5406 status=0 QTime=1
2021-03-08 13:51:22.625 INFO  (qtp1217207511-23) [   x:Search_Twitter] o.a.s.c.S.Request [Search_Twitter]  webapp=/solr path=/select params={q=covid+vaccines&df=catch_all&_=1615211303598} hits=5144 status=0 QTime=14
2021-03-08 13:51:39.844 INFO  (qtp1217207511-25) [   x:Search_Twitter] o.a.s.c.S.Request [Search_Twitter]  webapp=/solr path=/select params={q=actionafricadc&df=catch_all&_=1615211303598} hits=1 status=0 QTime=0
2021-03-08 13:51:56.044 INFO  (qtp1217207511-43) [   x:Search_Twitter] o.a.s.c.S.Request [Search_Twitter]  webapp=/solr path=/select params={q=all&df=catch_all&_=1615211303598} hits=484 status=0 QTime=1
2021-03-08 14:03:54.133 INFO  (qtp1217207511-44) [   ] o.a.s.s.HttpSolrCall [admin] webapp=null path=/admin/cores params={indexInfo=false&wt=json&_=1615211303514} status=0 QTime=0
2021-03-08 14:03:54.134 INFO  (qtp1217207511-27) [   x:Search_Twitter] o.a.s.c.S.Request [Search_Twitter]  webapp=/solr path=/config params={wt=json&_=1615211396894} status=0 QTime=0
2021-03-08 14:03:54.135 INFO  (qtp1217207511-67) [   x:Search_Twitter] o.a.s.c.S.Request [Search_Twitter]  webapp=/solr path=/admin/luke params={show=schema&wt=json&_=1615211396894} status=0 QTime=1
2021-03-08 14:03:54.169 INFO  (qtp1217207511-23) [   x:Search_Twitter] o.a.s.c.S.Request [Search_Twitter]  webapp=/solr path=/admin/luke params={numTerms=0&wt=json&_=1615211396894} status=0 QTime=4
2021-03-08 14:03:54.178 INFO  (qtp1217207511-21) [   ] o.a.s.s.HttpSolrCall [admin] webapp=null path=/admin/info/system params={wt=json&_=1615211303515} status=0 QTime=44
2021-03-08 14:04:09.330 INFO  (qtp1217207511-27) [   ] o.a.s.s.HttpSolrCall [admin] webapp=null path=/admin/cores params={indexInfo=false&wt=json&_=1615211303514} status=0 QTime=0
2021-03-08 14:04:09.330 INFO  (qtp1217207511-25) [   x:Search_Twitter] o.a.s.c.S.Request [Search_Twitter]  webapp=/solr path=/config params={wt=json&_=1615211396894} status=0 QTime=0
2021-03-08 14:04:09.331 INFO  (qtp1217207511-55) [   x:Search_Twitter] o.a.s.c.S.Request [Search_Twitter]  webapp=/solr path=/admin/luke params={show=schema&wt=json&_=1615211396894} status=0 QTime=1
2021-03-08 14:04:09.355 INFO  (qtp1217207511-22) [   x:Search_Twitter] o.a.s.c.S.Request [Search_Twitter]  webapp=/solr path=/admin/luke params={numTerms=0&wt=json&_=1615211396894} status=0 QTime=3
2021-03-08 14:04:09.372 INFO  (qtp1217207511-56) [   ] o.a.s.s.HttpSolrCall [admin] webapp=null path=/admin/info/system params={wt=json&_=1615211303515} status=0 QTime=42
2021-03-08 14:04:52.932 INFO  (qtp1217207511-56) [   ] o.a.s.s.HttpSolrCall [admin] webapp=null path=/admin/cores params={indexInfo=false&wt=json&_=1615211303514} status=0 QTime=0
2021-03-08 14:04:52.933 INFO  (qtp1217207511-65) [   x:Search_Twitter] o.a.s.c.S.Request [Search_Twitter]  webapp=/solr path=/admin/luke params={show=schema&wt=json&_=1615211396894} status=0 QTime=1
2021-03-08 14:04:52.972 INFO  (qtp1217207511-66) [   ] o.a.s.s.HttpSolrCall [admin] webapp=null path=/admin/info/system params={wt=json&_=1615211303515} status=0 QTime=39
2021-03-08 14:04:54.057 INFO  (qtp1217207511-25) [   ] o.a.s.s.HttpSolrCall [admin] webapp=null path=/admin/cores params={indexInfo=false&wt=json&_=1615211303514} status=0 QTime=0
2021-03-08 14:04:54.058 INFO  (qtp1217207511-22) [   x:Search_Twitter] o.a.s.c.S.Request [Search_Twitter]  webapp=/solr path=/admin/file params={wt=json&_=1615211419351} status=0 QTime=0
2021-03-08 14:04:54.096 INFO  (qtp1217207511-56) [   ] o.a.s.s.HttpSolrCall [admin] webapp=null path=/admin/info/system params={wt=json&_=1615211303515} status=0 QTime=38
2021-03-08 14:04:55.016 INFO  (qtp1217207511-43) [   ] o.a.s.s.HttpSolrCall [admin] webapp=null path=/admin/cores params={indexInfo=false&wt=json&_=1615211303514} status=0 QTime=0
2021-03-08 14:04:55.017 INFO  (qtp1217207511-55) [   x:Search_Twitter] o.a.s.c.S.Request [Search_Twitter]  webapp=/solr path=/admin/file params={wt=json&_=1615211419351} status=0 QTime=1
2021-03-08 14:04:55.018 INFO  (qtp1217207511-23) [   x:Search_Twitter] o.a.s.c.S.Request [Search_Twitter]  webapp=/solr path=/admin/file params={file=managed-schema&contentType=text/plain;charset%3Dutf-8&wt=json&_=1615211419351} status=0 QTime=1
2021-03-08 14:04:55.056 INFO  (qtp1217207511-65) [   ] o.a.s.s.HttpSolrCall [admin] webapp=null path=/admin/info/system params={wt=json&_=1615211303515} status=0 QTime=40
2021-03-08 14:07:53.868 INFO  (qtp1217207511-23) [   ] o.a.s.s.HttpSolrCall [admin] webapp=null path=/admin/cores params={indexInfo=false&wt=json&_=1615211303514} status=0 QTime=0
2021-03-08 14:07:53.906 INFO  (qtp1217207511-43) [   ] o.a.s.s.HttpSolrCall [admin] webapp=null path=/admin/info/system params={wt=json&_=1615211303515} status=0 QTime=38
2021-03-08 14:07:59.258 INFO  (qtp1217207511-25) [   x:Search_Twitter] o.a.s.c.S.Request [Search_Twitter]  webapp=/solr path=/select params={q=what+is+covid&_=1615211303598} hits=0 status=0 QTime=1
2021-03-08 14:08:05.738 INFO  (qtp1217207511-55) [   x:Search_Twitter] o.a.s.c.S.Request [Search_Twitter]  webapp=/solr path=/select params={q=what+is+covid&df=catch_all&_=1615211303598} hits=4937 status=0 QTime=3
2021-03-08 14:08:52.759 INFO  (qtp1217207511-25) [   x:Search_Twitter] o.a.s.c.S.Request [Search_Twitter]  webapp=/solr path=/select params={q=WHAT+IS+COVID&df=catch_all&_=1615211303598} hits=4937 status=0 QTime=0
2021-03-08 14:08:53.711 INFO  (qtp1217207511-55) [   x:Search_Twitter] o.a.s.c.S.Request [Search_Twitter]  webapp=/solr path=/select params={q=WHAT+IS+COVID&df=catch_all&_=1615211303598} hits=4937 status=0 QTime=0
2021-03-08 14:08:54.180 INFO  (qtp1217207511-25) [   x:Search_Twitter] o.a.s.c.S.Request [Search_Twitter]  webapp=/solr path=/select params={q=WHAT+IS+COVID&df=catch_all&_=1615211303598} hits=4937 status=0 QTime=0
2021-03-08 14:08:54.359 INFO  (qtp1217207511-55) [   x:Search_Twitter] o.a.s.c.S.Request [Search_Twitter]  webapp=/solr path=/select params={q=WHAT+IS+COVID&df=catch_all&_=1615211303598} hits=4937 status=0 QTime=0
2021-03-08 14:08:54.749 INFO  (qtp1217207511-25) [   x:Search_Twitter] o.a.s.c.S.Request [Search_Twitter]  webapp=/solr path=/select params={q=WHAT+IS+COVID&df=catch_all&_=1615211303598} hits=4937 status=0 QTime=0
2021-03-08 14:08:54.934 INFO  (qtp1217207511-55) [   x:Search_Twitter] o.a.s.c.S.Request [Search_Twitter]  webapp=/solr path=/select params={q=WHAT+IS+COVID&df=catch_all&_=1615211303598} hits=4937 status=0 QTime=0
2021-03-08 14:09:12.294 INFO  (qtp1217207511-25) [   x:Search_Twitter] o.a.s.c.S.Request [Search_Twitter]  webapp=/solr path=/select params={q=WHAT+IS+COVID&df=catch_all&_=1615211303598} hits=4937 status=0 QTime=0
2021-03-08 14:09:48.137 INFO  (qtp1217207511-55) [   ] o.a.s.s.HttpSolrCall [admin] webapp=null path=/admin/cores params={indexInfo=false&wt=json&_=1615211303514} status=0 QTime=0
2021-03-08 14:09:48.139 INFO  (qtp1217207511-25) [   x:Search_Twitter] o.a.s.c.S.Request [Search_Twitter]  webapp=/solr path=/config params={wt=json&_=1615211396894} status=0 QTime=0
2021-03-08 14:09:48.139 INFO  (qtp1217207511-66) [   x:Search_Twitter] o.a.s.c.S.Request [Search_Twitter]  webapp=/solr path=/admin/luke params={show=schema&wt=json&_=1615211396894} status=0 QTime=1
2021-03-08 14:09:48.166 INFO  (qtp1217207511-65) [   x:Search_Twitter] o.a.s.c.S.Request [Search_Twitter]  webapp=/solr path=/admin/luke params={numTerms=0&wt=json&_=1615211396894} status=0 QTime=3
2021-03-08 14:09:48.181 INFO  (qtp1217207511-27) [   ] o.a.s.s.HttpSolrCall [admin] webapp=null path=/admin/info/system params={wt=json&_=1615211303515} status=0 QTime=44
2021-03-08 14:09:50.668 INFO  (qtp1217207511-66) [   ] o.a.s.s.HttpSolrCall [admin] webapp=null path=/admin/cores params={indexInfo=false&wt=json&_=1615211303514} status=0 QTime=0
2021-03-08 14:09:50.671 INFO  (qtp1217207511-27) [   x:Search_Twitter] o.a.s.c.S.Request [Search_Twitter]  webapp=/solr path=/admin/luke params={show=schema&wt=json&_=1615211396894} status=0 QTime=1
2021-03-08 14:09:50.707 INFO  (qtp1217207511-55) [   ] o.a.s.s.HttpSolrCall [admin] webapp=null path=/admin/info/system params={wt=json&_=1615211303515} status=0 QTime=37
2021-03-08 14:09:53.148 INFO  (qtp1217207511-65) [   ] o.a.s.s.HttpSolrCall [admin] webapp=null path=/admin/cores params={indexInfo=false&wt=json&_=1615211303514} status=0 QTime=0
2021-03-08 14:09:53.148 INFO  (qtp1217207511-23) [   x:Search_Twitter] o.a.s.c.S.Request [Search_Twitter]  webapp=/solr path=/config params={wt=json&_=1615211396894} status=0 QTime=0
2021-03-08 14:09:53.149 INFO  (qtp1217207511-66) [   x:Search_Twitter] o.a.s.c.S.Request [Search_Twitter]  webapp=/solr path=/admin/luke params={show=schema&wt=json&_=1615211396894} status=0 QTime=1
2021-03-08 14:09:53.180 INFO  (qtp1217207511-25) [   x:Search_Twitter] o.a.s.c.S.Request [Search_Twitter]  webapp=/solr path=/admin/luke params={numTerms=0&wt=json&_=1615211396894} status=0 QTime=2
2021-03-08 14:09:53.187 INFO  (qtp1217207511-70) [   ] o.a.s.s.HttpSolrCall [admin] webapp=null path=/admin/info/system params={wt=json&_=1615211303515} status=0 QTime=39
2021-03-08 14:09:56.034 INFO  (qtp1217207511-55) [   ] o.a.s.s.HttpSolrCall [admin] webapp=null path=/admin/cores params={indexInfo=false&wt=json&_=1615211303514} status=0 QTime=0
2021-03-08 14:09:56.034 INFO  (qtp1217207511-27) [   x:Search_Twitter] o.a.s.c.S.Request [Search_Twitter]  webapp=/solr path=/admin/file params={wt=json&_=1615211419351} status=0 QTime=0
2021-03-08 14:09:56.068 INFO  (qtp1217207511-66) [   ] o.a.s.s.HttpSolrCall [admin] webapp=null path=/admin/info/system params={wt=json&_=1615211303515} status=0 QTime=34
2021-03-08 14:09:56.471 INFO  (qtp1217207511-21) [   ] o.a.s.s.HttpSolrCall [admin] webapp=null path=/admin/cores params={indexInfo=false&wt=json&_=1615211303514} status=0 QTime=0
2021-03-08 14:09:56.472 INFO  (qtp1217207511-23) [   x:Search_Twitter] o.a.s.c.S.Request [Search_Twitter]  webapp=/solr path=/admin/luke params={show=schema&wt=json&_=1615211396894} status=0 QTime=1
2021-03-08 14:09:56.504 INFO  (qtp1217207511-25) [   ] o.a.s.s.HttpSolrCall [admin] webapp=null path=/admin/info/system params={wt=json&_=1615211303515} status=0 QTime=33
2021-03-08 14:09:57.912 INFO  (qtp1217207511-27) [   ] o.a.s.s.HttpSolrCall [admin] webapp=null path=/admin/cores params={indexInfo=false&wt=json&_=1615211303514} status=0 QTime=0
2021-03-08 14:09:57.914 INFO  (qtp1217207511-55) [   x:Search_Twitter] o.a.s.c.S.Request [Search_Twitter]  webapp=/solr path=/admin/mbeans params={cat=QUERY&wt=json&_=1615212597902} status=0 QTime=0
2021-03-08 14:09:57.938 INFO  (qtp1217207511-25) [   ] o.a.s.s.HttpSolrCall [admin] webapp=null path=/admin/cores params={indexInfo=false&wt=json&_=1615211303514} status=0 QTime=0
2021-03-08 14:09:57.944 INFO  (qtp1217207511-55) [   x:Search_Twitter] o.a.s.c.S.Request [Search_Twitter]  webapp=/solr path=/admin/mbeans params={cat=QUERY&wt=json&_=1615212597902} status=0 QTime=0
2021-03-08 14:09:57.965 INFO  (qtp1217207511-66) [   ] o.a.s.s.HttpSolrCall [admin] webapp=null path=/admin/info/system params={wt=json&_=1615211303515} status=0 QTime=52
2021-03-08 14:09:57.983 INFO  (qtp1217207511-23) [   ] o.a.s.s.HttpSolrCall [admin] webapp=null path=/admin/info/system params={wt=json&_=1615211303515} status=0 QTime=45
2021-03-08 14:10:02.638 INFO  (qtp1217207511-25) [   ] o.a.s.s.HttpSolrCall [admin] webapp=null path=/admin/cores params={indexInfo=false&wt=json&_=1615211303514} status=0 QTime=0
2021-03-08 14:10:02.646 INFO  (qtp1217207511-21) [   x:Search_Twitter] o.a.s.c.S.Request [Search_Twitter]  webapp=/solr path=/admin/luke params={show=schema&wt=json&_=1615211396894} status=0 QTime=1
2021-03-08 14:10:02.676 INFO  (qtp1217207511-27) [   ] o.a.s.s.HttpSolrCall [admin] webapp=null path=/admin/info/system params={wt=json&_=1615211303515} status=0 QTime=38
2021-03-08 14:10:03.197 INFO  (qtp1217207511-43) [   x:Search_Twitter] o.a.s.c.S.Request [Search_Twitter]  webapp=/solr path=/admin/ping params={wt=json&_=1615211303515&ts=1615211303515} hits=5406 status=0 QTime=1
2021-03-08 14:10:03.197 INFO  (qtp1217207511-43) [   x:Search_Twitter] o.a.s.c.S.Request [Search_Twitter]  webapp=/solr path=/admin/ping params={wt=json&_=1615211303515&ts=1615211303515} status=0 QTime=1
2021-03-08 14:10:05.553 INFO  (qtp1217207511-25) [   ] o.a.s.s.HttpSolrCall [admin] webapp=null path=/admin/cores params={indexInfo=false&wt=json&_=1615211303514} status=0 QTime=0
2021-03-08 14:10:05.554 INFO  (qtp1217207511-65) [   x:Search_Twitter] o.a.s.c.S.Request [Search_Twitter]  webapp=/solr path=/config params={wt=json&_=1615211396894} status=0 QTime=0
2021-03-08 14:10:05.555 INFO  (qtp1217207511-27) [   x:Search_Twitter] o.a.s.c.S.Request [Search_Twitter]  webapp=/solr path=/admin/luke params={show=schema&wt=json&_=1615211396894} status=0 QTime=1
2021-03-08 14:10:05.583 INFO  (qtp1217207511-43) [   x:Search_Twitter] o.a.s.c.S.Request [Search_Twitter]  webapp=/solr path=/admin/luke params={numTerms=0&wt=json&_=1615211396894} status=0 QTime=2
2021-03-08 14:10:05.595 INFO  (qtp1217207511-66) [   ] o.a.s.s.HttpSolrCall [admin] webapp=null path=/admin/info/system params={wt=json&_=1615211303515} status=0 QTime=41
2021-03-08 14:12:56.747 INFO  (qtp1217207511-70) [   ] o.a.s.s.HttpSolrCall [admin] webapp=null path=/admin/cores params={indexInfo=false&wt=json&_=1615211303514} status=0 QTime=0
2021-03-08 14:12:56.747 INFO  (qtp1217207511-43) [   x:Search_Twitter] o.a.s.c.S.Request [Search_Twitter]  webapp=/solr path=/admin/file params={wt=json&_=1615211419351} status=0 QTime=0
2021-03-08 14:12:56.783 INFO  (qtp1217207511-25) [   ] o.a.s.s.HttpSolrCall [admin] webapp=null path=/admin/info/system params={wt=json&_=1615211303515} status=0 QTime=36
2021-03-08 14:12:58.463 INFO  (qtp1217207511-66) [   ] o.a.s.s.HttpSolrCall [admin] webapp=null path=/admin/cores params={indexInfo=false&wt=json&_=1615211303514} status=0 QTime=0
2021-03-08 14:12:58.463 INFO  (qtp1217207511-21) [   x:Search_Twitter] o.a.s.c.S.Request [Search_Twitter]  webapp=/solr path=/admin/file params={wt=json&_=1615211419351} status=0 QTime=0
2021-03-08 14:12:58.465 INFO  (qtp1217207511-23) [   x:Search_Twitter] o.a.s.c.S.Request [Search_Twitter]  webapp=/solr path=/admin/file params={file=managed-schema&contentType=text/plain;charset%3Dutf-8&wt=json&_=1615211419351} status=0 QTime=0
2021-03-08 14:12:58.500 INFO  (qtp1217207511-71) [   ] o.a.s.s.HttpSolrCall [admin] webapp=null path=/admin/info/system params={wt=json&_=1615211303515} status=0 QTime=36
2021-03-08 14:13:06.993 INFO  (qtp1217207511-66) [   ] o.a.s.s.HttpSolrCall [admin] webapp=null path=/admin/cores params={indexInfo=false&wt=json&_=1615211303514} status=0 QTime=0
2021-03-08 14:13:06.994 INFO  (qtp1217207511-70) [   x:Search_Twitter] o.a.s.c.S.Request [Search_Twitter]  webapp=/solr path=/config params={wt=json&_=1615211396894} status=0 QTime=0
2021-03-08 14:13:06.995 INFO  (qtp1217207511-43) [   x:Search_Twitter] o.a.s.c.S.Request [Search_Twitter]  webapp=/solr path=/admin/luke params={show=schema&wt=json&_=1615211396894} status=0 QTime=1
2021-03-08 14:13:07.022 INFO  (qtp1217207511-21) [   x:Search_Twitter] o.a.s.c.S.Request [Search_Twitter]  webapp=/solr path=/admin/luke params={numTerms=0&wt=json&_=1615211396894} status=0 QTime=2
2021-03-08 14:13:07.037 INFO  (qtp1217207511-25) [   ] o.a.s.s.HttpSolrCall [admin] webapp=null path=/admin/info/system params={wt=json&_=1615211303515} status=0 QTime=44
2021-03-08 14:13:10.984 INFO  (qtp1217207511-43) [   ] o.a.s.s.HttpSolrCall [admin] webapp=null path=/admin/cores params={indexInfo=false&wt=json&_=1615211303514} status=0 QTime=0
2021-03-08 14:13:10.985 INFO  (qtp1217207511-23) [   x:Search_Twitter] o.a.s.c.S.Request [Search_Twitter]  webapp=/solr path=/config params={wt=json&_=1615211396894} status=0 QTime=0
2021-03-08 14:13:10.986 INFO  (qtp1217207511-27) [   x:Search_Twitter] o.a.s.c.S.Request [Search_Twitter]  webapp=/solr path=/admin/luke params={show=schema&wt=json&_=1615211396894} status=0 QTime=1
2021-03-08 14:13:11.021 INFO  (qtp1217207511-55) [   ] o.a.s.s.HttpSolrCall [admin] webapp=null path=/admin/info/system params={wt=json&_=1615211303515} status=0 QTime=37
2021-03-08 14:13:11.061 INFO  (qtp1217207511-25) [   x:Search_Twitter] o.a.s.c.S.Request [Search_Twitter]  webapp=/solr path=/admin/luke params={numTerms=0&wt=json&_=1615211396894} status=0 QTime=2
2021-03-08 14:13:17.841 INFO  (qtp1217207511-70) [   ] o.a.s.s.HttpSolrCall [admin] webapp=null path=/admin/cores params={indexInfo=false&wt=json&_=1615211303514} status=0 QTime=0
2021-03-08 14:13:17.842 INFO  (qtp1217207511-66) [   x:Search_Twitter] o.a.s.c.S.Request [Search_Twitter]  webapp=/solr path=/config params={wt=json&_=1615211396894} status=0 QTime=0
2021-03-08 14:13:17.843 INFO  (qtp1217207511-21) [   x:Search_Twitter] o.a.s.c.S.Request [Search_Twitter]  webapp=/solr path=/admin/luke params={show=schema&wt=json&_=1615211396894} status=0 QTime=1
2021-03-08 14:13:17.879 INFO  (qtp1217207511-55) [   ] o.a.s.s.HttpSolrCall [admin] webapp=null path=/admin/info/system params={wt=json&_=1615211303515} status=0 QTime=38
2021-03-08 14:13:17.895 INFO  (qtp1217207511-65) [   x:Search_Twitter] o.a.s.c.S.Request [Search_Twitter]  webapp=/solr path=/admin/luke params={numTerms=0&wt=json&_=1615211396894} status=0 QTime=2
2021-03-08 14:13:50.792 INFO  (qtp1217207511-23) [   ] o.a.s.s.HttpSolrCall [admin] webapp=null path=/admin/cores params={indexInfo=false&wt=json&_=1615211303514} status=0 QTime=0
2021-03-08 14:13:50.792 INFO  (qtp1217207511-43) [   x:Search_Twitter] o.a.s.c.S.Request [Search_Twitter]  webapp=/solr path=/config params={wt=json&_=1615211396894} status=0 QTime=0
2021-03-08 14:13:50.793 INFO  (qtp1217207511-55) [   x:Search_Twitter] o.a.s.c.S.Request [Search_Twitter]  webapp=/solr path=/admin/luke params={show=schema&wt=json&_=1615211396894} status=0 QTime=1
2021-03-08 14:13:50.820 INFO  (qtp1217207511-65) [   x:Search_Twitter] o.a.s.c.S.Request [Search_Twitter]  webapp=/solr path=/admin/luke params={numTerms=0&wt=json&_=1615211396894} status=0 QTime=2
2021-03-08 14:13:50.834 INFO  (qtp1217207511-27) [   ] o.a.s.s.HttpSolrCall [admin] webapp=null path=/admin/info/system params={wt=json&_=1615211303515} status=0 QTime=42
2021-03-08 14:13:57.419 INFO  (qtp1217207511-66) [   ] o.a.s.s.HttpSolrCall [admin] webapp=null path=/admin/cores params={indexInfo=false&wt=json&_=1615211303514} status=0 QTime=0
2021-03-08 14:13:57.420 INFO  (qtp1217207511-21) [   x:Search_Twitter] o.a.s.c.S.Request [Search_Twitter]  webapp=/solr path=/admin/luke params={show=schema&wt=json&_=1615211396894} status=0 QTime=0
2021-03-08 14:13:57.455 INFO  (qtp1217207511-55) [   ] o.a.s.s.HttpSolrCall [admin] webapp=null path=/admin/info/system params={wt=json&_=1615211303515} status=0 QTime=36
2021-03-08 14:13:59.826 INFO  (qtp1217207511-27) [   ] o.a.s.s.HttpSolrCall [admin] webapp=null path=/admin/cores params={indexInfo=false&wt=json&_=1615211303514} status=0 QTime=0
2021-03-08 14:13:59.863 INFO  (qtp1217207511-43) [   ] o.a.s.s.HttpSolrCall [admin] webapp=null path=/admin/info/system params={wt=json&_=1615211303515} status=0 QTime=37
2021-03-08 14:14:01.776 INFO  (qtp1217207511-65) [   ] o.a.s.s.HttpSolrCall [admin] webapp=null path=/admin/cores params={indexInfo=false&wt=json&_=1615211303514} status=0 QTime=0
2021-03-08 14:14:01.776 INFO  (qtp1217207511-70) [   x:Search_Twitter] o.a.s.c.S.Request [Search_Twitter]  webapp=/solr path=/config params={wt=json&_=1615211396894} status=0 QTime=0
2021-03-08 14:14:01.777 INFO  (qtp1217207511-21) [   x:Search_Twitter] o.a.s.c.S.Request [Search_Twitter]  webapp=/solr path=/admin/luke params={show=schema&wt=json&_=1615211396894} status=0 QTime=1
2021-03-08 14:14:01.798 INFO  (qtp1217207511-43) [   x:Search_Twitter] o.a.s.c.S.Request [Search_Twitter]  webapp=/solr path=/admin/luke params={numTerms=0&wt=json&_=1615211396894} status=0 QTime=2
2021-03-08 14:14:01.817 INFO  (qtp1217207511-55) [   ] o.a.s.s.HttpSolrCall [admin] webapp=null path=/admin/info/system params={wt=json&_=1615211303515} status=0 QTime=41
2021-03-08 14:14:06.597 INFO  (qtp1217207511-66) [   ] o.a.s.s.HttpSolrCall [admin] webapp=null path=/admin/cores params={indexInfo=false&wt=json&_=1615211303514} status=0 QTime=0
2021-03-08 14:14:06.597 INFO  (qtp1217207511-27) [   x:Search_Twitter] o.a.s.c.S.Request [Search_Twitter]  webapp=/solr path=/admin/file params={wt=json&_=1615211419351} status=0 QTime=0
2021-03-08 14:14:06.632 INFO  (qtp1217207511-21) [   ] o.a.s.s.HttpSolrCall [admin] webapp=null path=/admin/info/system params={wt=json&_=1615211303515} status=0 QTime=35
2021-03-08 14:14:07.219 INFO  (qtp1217207511-71) [   ] o.a.s.s.HttpSolrCall [admin] webapp=null path=/admin/cores params={indexInfo=false&wt=json&_=1615211303514} status=0 QTime=0
2021-03-08 14:14:07.220 INFO  (qtp1217207511-23) [   x:Search_Twitter] o.a.s.c.S.Request [Search_Twitter]  webapp=/solr path=/admin/file params={file=managed-schema&contentType=text/plain;charset%3Dutf-8&wt=json&_=1615211419351} status=0 QTime=0
2021-03-08 14:14:07.220 INFO  (qtp1217207511-43) [   x:Search_Twitter] o.a.s.c.S.Request [Search_Twitter]  webapp=/solr path=/admin/file params={wt=json&_=1615211419351} status=0 QTime=0
2021-03-08 14:14:07.265 INFO  (qtp1217207511-70) [   ] o.a.s.s.HttpSolrCall [admin] webapp=null path=/admin/info/system params={wt=json&_=1615211303515} status=0 QTime=45
2021-03-08 14:20:53.358 INFO  (qtp1217207511-72) [   ] o.a.s.s.HttpSolrCall [admin] webapp=null path=/admin/cores params={indexInfo=false&wt=json&_=1615211303514} status=0 QTime=0
2021-03-08 14:20:53.358 INFO  (qtp1217207511-66) [   x:Search_Twitter] o.a.s.c.S.Request [Search_Twitter]  webapp=/solr path=/config params={wt=json&_=1615211396894} status=0 QTime=0
2021-03-08 14:20:53.360 INFO  (qtp1217207511-43) [   x:Search_Twitter] o.a.s.c.S.Request [Search_Twitter]  webapp=/solr path=/admin/luke params={show=schema&wt=json&_=1615211396894} status=0 QTime=1
2021-03-08 14:20:53.392 INFO  (qtp1217207511-70) [   x:Search_Twitter] o.a.s.c.S.Request [Search_Twitter]  webapp=/solr path=/admin/luke params={numTerms=0&wt=json&_=1615211396894} status=0 QTime=2
2021-03-08 14:20:53.410 INFO  (qtp1217207511-25) [   ] o.a.s.s.HttpSolrCall [admin] webapp=null path=/admin/info/system params={wt=json&_=1615211303515} status=0 QTime=51
2021-03-08 14:20:55.197 INFO  (qtp1217207511-43) [   ] o.a.s.s.HttpSolrCall [admin] webapp=null path=/admin/cores params={indexInfo=false&wt=json&_=1615211303514} status=0 QTime=0
2021-03-08 14:20:55.238 INFO  (qtp1217207511-55) [   ] o.a.s.s.HttpSolrCall [admin] webapp=null path=/admin/info/system params={wt=json&_=1615211303515} status=0 QTime=41
2021-03-08 14:21:41.363 INFO  (qtp1217207511-25) [   x:Search_Twitter] o.a.s.c.S.Request [Search_Twitter]  webapp=/solr path=/select params={q=what+is+covid&df=catch_all&_=1615211303598} hits=4937 status=0 QTime=0
2021-03-08 14:21:44.215 INFO  (qtp1217207511-71) [   x:Search_Twitter] o.a.s.c.S.Request [Search_Twitter]  webapp=/solr path=/select params={q=what+is+covid&df=catch_all} hits=4937 status=0 QTime=0
2021-03-08 14:23:58.463 INFO  (qtp1217207511-43) [   x:Search_Twitter] o.a.s.c.S.Request [Search_Twitter]  webapp=/solr path=/select params={q=covid+vaccine&df=catch_all} hits=5144 status=0 QTime=0
